[13708:13904:0611/170755.175:WARNING:CONSOLE(0)] "The page delivered both an 'X-Frame-Options' header and a 'Content-Security-Policy' header with a 'frame-ancestors' directive. Although the 'X-Frame-Options' header alone would have blocked embedding, it has been ignored.", source: chrome-untrusted://new-tab-page/custom_background_image?url= (0)
[13708:13904:0611/170755.340:ERROR:device_event_log_impl.cc(214)] [17:07:55.339] USB: usb_device_handle_win.cc:1058 Failed to read descriptor from node connection: A device attached to the system is not functioning. (0x1F)
[13708:13904:0611/170755.344:ERROR:device_event_log_impl.cc(214)] [17:07:55.343] USB: usb_device_handle_win.cc:1058 Failed to read descriptor from node connection: A device attached to the system is not functioning. (0x1F)
[13708:13904:0611/170755.714:WARNING:CONSOLE(0)] "The page delivered both an 'X-Frame-Options' header and a 'Content-Security-Policy' header with a 'frame-ancestors' directive. Although the 'X-Frame-Options' header alone would have blocked embedding, it has been ignored.", source: chrome-untrusted://new-tab-page/one-google-bar?paramsencoded= (0)
[13708:13904:0611/170756.935:INFO:CONSOLE(127)] "bby_privacy: getServerComponent", source: https://nexus.ensighten.com/bestbuy/privacy_init/Bootstrap.js (127)
[13708:13904:0611/170757.426:INFO:CONSOLE(33)] "[1:156438] COMMERCE_VIEW | CART_FE | ASYNC_LOAD_ENABLED | FEVersion:21.22.40", source: https://www.bestbuy.com/~assets/bby/_com/cart.bundle-1acab1c222c6c934fb6bf5a469c5e240.js (33)
[13708:13904:0611/170757.622:INFO:CONSOLE(781)] "getServerComponent suppressed", source: https://nexus.ensighten.com/bestbuy/privacy_prod_cm/Bootstrap.js (781)
[13708:13904:0611/170757.872:INFO:CONSOLE(1)] "Failed to pass the CSI variable to account libTypeError: Cannot read property 'innerText' of undefined", source: https://www.bestbuy.com/~assets/bby/_com/shop/header/dist/client/client-hamburger-7325fd3d10a63326c25e33d01583ab44.mjs (1)
[13708:13904:0611/170758.093:INFO:CONSOLE(33)] "[1:156438] COMMERCE_VIEW | CART_FE | LOAD_TIME | ASYNCHRONOUS | 0 - 1 SECONDS |  0.896 SECONDS | FEVersion:21.22.40", source: https://www.bestbuy.com/~assets/bby/_com/cart.bundle-1acab1c222c6c934fb6bf5a469c5e240.js (33)
[13708:13904:0611/170758.219:INFO:CONSOLE(1)] "Uncaught (in promise) TypeError: Cannot read property 'adsenseParentCatName' of undefined", source: https://assets.bbystatic.com/shop/master-ad/dist/client/client-60694008a11cbe55b796e8ae9d7fe870.mjs (1)
[13708:13904:0611/170759.712:INFO:CONSOLE(28)] "LibEmbeddedComponentRenderer: Embedded component queries can only contain strings, numbers, booleans or CsiVar objects with non-empty name strings. 
The query param object key "index" contains unsupported value:  undefined", source: https://www.bestbuy.com/~assets/bby/_com/vendor/gvp-9ae543e5dd97ff595273880644fc595e.min.js (28)
[13708:13904:0611/170759.712:INFO:CONSOLE(28)] "LibEmbeddedComponentRenderer: Embedded component queries can only contain strings, numbers, booleans or CsiVar objects with non-empty name strings. 
The query param object key "subplacement" contains unsupported value:  undefined", source: https://www.bestbuy.com/~assets/bby/_com/vendor/gvp-9ae543e5dd97ff595273880644fc595e.min.js (28)
[13708:13904:0611/170759.738:INFO:CONSOLE(28)] "LibEmbeddedComponentRenderer: Embedded component queries can only contain strings, numbers, booleans or CsiVar objects with non-empty name strings. 
The query param object key "index" contains unsupported value:  undefined", source: https://www.bestbuy.com/~assets/bby/_com/vendor/gvp-9ae543e5dd97ff595273880644fc595e.min.js (28)
[13708:13904:0611/170759.739:INFO:CONSOLE(28)] "LibEmbeddedComponentRenderer: Embedded component queries can only contain strings, numbers, booleans or CsiVar objects with non-empty name strings. 
The query param object key "subplacement" contains unsupported value:  undefined", source: https://www.bestbuy.com/~assets/bby/_com/vendor/gvp-9ae543e5dd97ff595273880644fc595e.min.js (28)
[13708:13904:0611/170759.756:INFO:CONSOLE(28)] "LibEmbeddedComponentRenderer: Embedded component queries can only contain strings, numbers, booleans or CsiVar objects with non-empty name strings. 
The query param object key "index" contains unsupported value:  undefined", source: https://www.bestbuy.com/~assets/bby/_com/vendor/gvp-9ae543e5dd97ff595273880644fc595e.min.js (28)
[13708:13904:0611/170759.756:INFO:CONSOLE(28)] "LibEmbeddedComponentRenderer: Embedded component queries can only contain strings, numbers, booleans or CsiVar objects with non-empty name strings. 
The query param object key "subplacement" contains unsupported value:  undefined", source: https://www.bestbuy.com/~assets/bby/_com/vendor/gvp-9ae543e5dd97ff595273880644fc595e.min.js (28)
[13708:13904:0611/170759.782:INFO:CONSOLE(28)] "LibEmbeddedComponentRenderer: Embedded component queries can only contain strings, numbers, booleans or CsiVar objects with non-empty name strings. 
The query param object key "index" contains unsupported value:  undefined", source: https://www.bestbuy.com/~assets/bby/_com/vendor/gvp-9ae543e5dd97ff595273880644fc595e.min.js (28)
[13708:13904:0611/170759.782:INFO:CONSOLE(28)] "LibEmbeddedComponentRenderer: Embedded component queries can only contain strings, numbers, booleans or CsiVar objects with non-empty name strings. 
The query param object key "subplacement" contains unsupported value:  undefined", source: https://www.bestbuy.com/~assets/bby/_com/vendor/gvp-9ae543e5dd97ff595273880644fc595e.min.js (28)
[13708:13904:0611/170759.797:INFO:CONSOLE(28)] "LibEmbeddedComponentRenderer: Embedded component queries can only contain strings, numbers, booleans or CsiVar objects with non-empty name strings. 
The query param object key "index" contains unsupported value:  undefined", source: https://www.bestbuy.com/~assets/bby/_com/vendor/gvp-9ae543e5dd97ff595273880644fc595e.min.js (28)
[13708:13904:0611/170759.797:INFO:CONSOLE(28)] "LibEmbeddedComponentRenderer: Embedded component queries can only contain strings, numbers, booleans or CsiVar objects with non-empty name strings. 
The query param object key "subplacement" contains unsupported value:  undefined", source: https://www.bestbuy.com/~assets/bby/_com/vendor/gvp-9ae543e5dd97ff595273880644fc595e.min.js (28)
[13708:13904:0611/170759.817:INFO:CONSOLE(28)] "LibEmbeddedComponentRenderer: Embedded component queries can only contain strings, numbers, booleans or CsiVar objects with non-empty name strings. 
The query param object key "index" contains unsupported value:  undefined", source: https://www.bestbuy.com/~assets/bby/_com/vendor/gvp-9ae543e5dd97ff595273880644fc595e.min.js (28)
[13708:13904:0611/170759.818:INFO:CONSOLE(28)] "LibEmbeddedComponentRenderer: Embedded component queries can only contain strings, numbers, booleans or CsiVar objects with non-empty name strings. 
The query param object key "subplacement" contains unsupported value:  undefined", source: https://www.bestbuy.com/~assets/bby/_com/vendor/gvp-9ae543e5dd97ff595273880644fc595e.min.js (28)
[13708:13904:0611/170759.840:INFO:CONSOLE(28)] "LibEmbeddedComponentRenderer: Embedded component queries can only contain strings, numbers, booleans or CsiVar objects with non-empty name strings. 
The query param object key "index" contains unsupported value:  undefined", source: https://www.bestbuy.com/~assets/bby/_com/vendor/gvp-9ae543e5dd97ff595273880644fc595e.min.js (28)
[13708:13904:0611/170759.840:INFO:CONSOLE(28)] "LibEmbeddedComponentRenderer: Embedded component queries can only contain strings, numbers, booleans or CsiVar objects with non-empty name strings. 
The query param object key "subplacement" contains unsupported value:  undefined", source: https://www.bestbuy.com/~assets/bby/_com/vendor/gvp-9ae543e5dd97ff595273880644fc595e.min.js (28)
[13708:13904:0611/170759.859:INFO:CONSOLE(28)] "LibEmbeddedComponentRenderer: Embedded component queries can only contain strings, numbers, booleans or CsiVar objects with non-empty name strings. 
The query param object key "index" contains unsupported value:  undefined", source: https://www.bestbuy.com/~assets/bby/_com/vendor/gvp-9ae543e5dd97ff595273880644fc595e.min.js (28)
[13708:13904:0611/170759.860:INFO:CONSOLE(28)] "LibEmbeddedComponentRenderer: Embedded component queries can only contain strings, numbers, booleans or CsiVar objects with non-empty name strings. 
The query param object key "subplacement" contains unsupported value:  undefined", source: https://www.bestbuy.com/~assets/bby/_com/vendor/gvp-9ae543e5dd97ff595273880644fc595e.min.js (28)
[13708:13904:0611/170800.351:INFO:CONSOLE(28)] "LibEmbeddedComponentRenderer: Embedded component queries can only contain strings, numbers, booleans or CsiVar objects with non-empty name strings. 
The query param object key "index" contains unsupported value:  undefined", source: https://www.bestbuy.com/~assets/bby/_com/vendor/gvp-9ae543e5dd97ff595273880644fc595e.min.js (28)
[13708:13904:0611/170800.351:INFO:CONSOLE(28)] "LibEmbeddedComponentRenderer: Embedded component queries can only contain strings, numbers, booleans or CsiVar objects with non-empty name strings. 
The query param object key "subplacement" contains unsupported value:  undefined", source: https://www.bestbuy.com/~assets/bby/_com/vendor/gvp-9ae543e5dd97ff595273880644fc595e.min.js (28)
[13708:13904:0611/170800.352:INFO:CONSOLE(28)] "LibEmbeddedComponentRenderer: Embedded component queries can only contain strings, numbers, booleans or CsiVar objects with non-empty name strings. 
The query param object key "index" contains unsupported value:  undefined", source: https://www.bestbuy.com/~assets/bby/_com/vendor/gvp-9ae543e5dd97ff595273880644fc595e.min.js (28)
[13708:13904:0611/170800.352:INFO:CONSOLE(28)] "LibEmbeddedComponentRenderer: Embedded component queries can only contain strings, numbers, booleans or CsiVar objects with non-empty name strings. 
The query param object key "subplacement" contains unsupported value:  undefined", source: https://www.bestbuy.com/~assets/bby/_com/vendor/gvp-9ae543e5dd97ff595273880644fc595e.min.js (28)
[13708:13904:0611/170801.606:INFO:CONSOLE(6)] "starting gate fired!", source: https://nexus.ensighten.com/bestbuy/tagframe_dev/code/d0f9a4f369cc4aace811197f11e3a9b9.js?conditionId0=1195706 (6)
[13708:13904:0611/170801.736:INFO:CONSOLE(14)] "canary version not set", source: https://www.bestbuy.com/~assets/bby/_com/@ds/unified-chat/dist/javascript/unified-chat-init-d5d19e1b.js (14)
[13708:13904:0611/170804.281:INFO:CONSOLE(12)] "visitor.publishDestinations() result: The destination publishing iframe is already attached and loaded.", source: https://www.bestbuy.com/~assets/bby/_com/analytics-dotcom/chunks/adobeInit-cde55785d0a8af6d8c5f.js (12)
[13708:13904:0611/170805.622:INFO:CONSOLE(116)] "unload", source: https://www.bestbuy.com/~assets/bby/_com/cart.bundle-1acab1c222c6c934fb6bf5a469c5e240.js (116)
[13708:13904:0611/170805.702:INFO:CONSOLE(127)] "bby_privacy: getServerComponent", source: https://nexus.ensighten.com/bestbuy/privacy_init/Bootstrap.js (127)
[13708:13904:0611/170805.840:INFO:CONSOLE(8)] "JQMIGRATE: Logging is active", source: https://www.bestbuy.com/~assets/bby/_com/sc-libraries/javascript/libraries-4f4674e91172037a613833c5a27d38c1.js (8)
[13708:13904:0611/170806.002:INFO:CONSOLE(158)] "Uncaught ReferenceError: initializer is not defined", source: https://www.bestbuy.com/identity/signin?token=tid%3A6443b495-caa7-11eb-8b40-0a4aa2f71e29 (158)
[13708:13904:0611/170806.311:INFO:CONSOLE(905)] "getServerComponent suppressed", source: https://nexus.ensighten.com/bestbuy/privacy_prod/Bootstrap.js (905)
[13708:13904:0611/170806.903:INFO:CONSOLE(1)] "Uncaught ReferenceError: actionLog is not defined", source: https://www.bestbuy.com/~assets/bby/_com/shop/lib-dai/dist/client/client-26543fe8087c0f9a4ee5b24d2a69b3c1.mjs (1)
[13708:13904:0611/170807.457:INFO:CONSOLE(6)] "starting gate fired!", source: https://nexus.ensighten.com/bestbuy/tagframe_dev/code/d0f9a4f369cc4aace811197f11e3a9b9.js?conditionId0=1195706 (6)
[13708:13904:0611/170808.139:INFO:CONSOLE(184)] "RTP data channels are no longer supported. The "RtpDataChannels" constraint is currently ignored, and may cause an error at a later date.", source: https://tmx.bestbuy.com/qrKYtdmFjRbFgMut?70e6e660aec58b49=PV2Gl25F83IEHot0dmSDaZJaj6zbChDg9dSXHjBi_bGnCHPQRJOGcdQ3ud1uQkz0aAOvddslT2t3ehvRUa-q4oWOirkeW727uMzsTXXKKvEzxqFGPEjKpxIjHzGafNxLRK-BXCc3-gS20sx-Nfqx2WhnGkJLS01zfKF5yi2XZPiMyM041wgA27e6FXp1FvAMnzmOthcyVRE&jb=353a242462736f753d5f6b66646f7f7b2468716d3d57696c666d757125323231302468716a753d43687a6d656526627b603f416a726f6d672730323b31 (184)
[13708:13904:0611/170808.172:INFO:CONSOLE(14)] "canary version not set", source: https://www.bestbuy.com/~assets/bby/_com/@ds/unified-chat/dist/javascript/unified-chat-init-d5d19e1b.js (14)
[13708:13904:0611/170808.741:INFO:CONSOLE(12)] "visitor.publishDestinations() result: Attempted to attach and load the destination publishing iframe through this API call. Result: The destination publishing iframe was attached and loaded successfully.", source: https://www.bestbuy.com/~assets/bby/_com/analytics-dotcom/chunks/adobeInit-cde55785d0a8af6d8c5f.js (12)
[13708:13904:0611/170811.738:INFO:CONSOLE(12)] "visitor.publishDestinations() result: The destination publishing iframe is already attached and loaded.", source: https://www.bestbuy.com/~assets/bby/_com/analytics-dotcom/chunks/adobeInit-cde55785d0a8af6d8c5f.js (12)
[13708:13904:0611/170816.741:INFO:CONSOLE(127)] "bby_privacy: getServerComponent", source: https://nexus.ensighten.com/bestbuy/privacy_init/Bootstrap.js (127)
[13708:13904:0611/170816.907:INFO:CONSOLE(781)] "getServerComponent suppressed", source: https://nexus.ensighten.com/bestbuy/privacy_prod_cm/Bootstrap.js (781)
[13708:13904:0611/170817.175:INFO:CONSOLE(33)] "[1:156438] COMMERCE_VIEW | CART_FE | ASYNC_LOAD_ENABLED | FEVersion:21.22.40", source: https://www.bestbuy.com/~assets/bby/_com/cart.bundle-1acab1c222c6c934fb6bf5a469c5e240.js (33)
[13708:13904:0611/170817.865:INFO:CONSOLE(33)] "[1:156438] COMMERCE_VIEW | CART_FE | LOAD_TIME | ASYNCHRONOUS | 1 - 2 SECONDS |  1.514 SECONDS | FEVersion:21.22.40", source: https://www.bestbuy.com/~assets/bby/_com/cart.bundle-1acab1c222c6c934fb6bf5a469c5e240.js (33)
[13708:13904:0611/170817.946:INFO:CONSOLE(6)] "starting gate fired!", source: https://nexus.ensighten.com/bestbuy/tagframe_dev/code/d0f9a4f369cc4aace811197f11e3a9b9.js?conditionId0=1195706 (6)
[13708:13904:0611/170818.454:INFO:CONSOLE(14)] "canary version not set", source: https://www.bestbuy.com/~assets/bby/_com/@ds/unified-chat/dist/javascript/unified-chat-init-d5d19e1b.js (14)
[13708:13904:0611/170819.128:INFO:CONSOLE(1)] "Uncaught (in promise) TypeError: Cannot read property 'adsenseParentCatName' of undefined", source: https://assets.bbystatic.com/shop/master-ad/dist/client/client-60694008a11cbe55b796e8ae9d7fe870.mjs (1)
[13708:13904:0611/170819.555:INFO:CONSOLE(28)] "LibEmbeddedComponentRenderer: Embedded component queries can only contain strings, numbers, booleans or CsiVar objects with non-empty name strings. 
The query param object key "index" contains unsupported value:  undefined", source: https://www.bestbuy.com/~assets/bby/_com/vendor/gvp-9ae543e5dd97ff595273880644fc595e.min.js (28)
[13708:13904:0611/170819.555:INFO:CONSOLE(28)] "LibEmbeddedComponentRenderer: Embedded component queries can only contain strings, numbers, booleans or CsiVar objects with non-empty name strings. 
The query param object key "subplacement" contains unsupported value:  undefined", source: https://www.bestbuy.com/~assets/bby/_com/vendor/gvp-9ae543e5dd97ff595273880644fc595e.min.js (28)
[13708:13904:0611/170819.577:INFO:CONSOLE(28)] "LibEmbeddedComponentRenderer: Embedded component queries can only contain strings, numbers, booleans or CsiVar objects with non-empty name strings. 
The query param object key "index" contains unsupported value:  undefined", source: https://www.bestbuy.com/~assets/bby/_com/vendor/gvp-9ae543e5dd97ff595273880644fc595e.min.js (28)
[13708:13904:0611/170819.577:INFO:CONSOLE(28)] "LibEmbeddedComponentRenderer: Embedded component queries can only contain strings, numbers, booleans or CsiVar objects with non-empty name strings. 
The query param object key "subplacement" contains unsupported value:  undefined", source: https://www.bestbuy.com/~assets/bby/_com/vendor/gvp-9ae543e5dd97ff595273880644fc595e.min.js (28)
[13708:13904:0611/170819.592:INFO:CONSOLE(28)] "LibEmbeddedComponentRenderer: Embedded component queries can only contain strings, numbers, booleans or CsiVar objects with non-empty name strings. 
The query param object key "index" contains unsupported value:  undefined", source: https://www.bestbuy.com/~assets/bby/_com/vendor/gvp-9ae543e5dd97ff595273880644fc595e.min.js (28)
[13708:13904:0611/170819.592:INFO:CONSOLE(28)] "LibEmbeddedComponentRenderer: Embedded component queries can only contain strings, numbers, booleans or CsiVar objects with non-empty name strings. 
The query param object key "subplacement" contains unsupported value:  undefined", source: https://www.bestbuy.com/~assets/bby/_com/vendor/gvp-9ae543e5dd97ff595273880644fc595e.min.js (28)
[13708:13904:0611/170819.621:INFO:CONSOLE(28)] "LibEmbeddedComponentRenderer: Embedded component queries can only contain strings, numbers, booleans or CsiVar objects with non-empty name strings. 
The query param object key "index" contains unsupported value:  undefined", source: https://www.bestbuy.com/~assets/bby/_com/vendor/gvp-9ae543e5dd97ff595273880644fc595e.min.js (28)
[13708:13904:0611/170819.621:INFO:CONSOLE(28)] "LibEmbeddedComponentRenderer: Embedded component queries can only contain strings, numbers, booleans or CsiVar objects with non-empty name strings. 
The query param object key "subplacement" contains unsupported value:  undefined", source: https://www.bestbuy.com/~assets/bby/_com/vendor/gvp-9ae543e5dd97ff595273880644fc595e.min.js (28)
[13708:13904:0611/170819.640:INFO:CONSOLE(28)] "LibEmbeddedComponentRenderer: Embedded component queries can only contain strings, numbers, booleans or CsiVar objects with non-empty name strings. 
The query param object key "index" contains unsupported value:  undefined", source: https://www.bestbuy.com/~assets/bby/_com/vendor/gvp-9ae543e5dd97ff595273880644fc595e.min.js (28)
[13708:13904:0611/170819.641:INFO:CONSOLE(28)] "LibEmbeddedComponentRenderer: Embedded component queries can only contain strings, numbers, booleans or CsiVar objects with non-empty name strings. 
The query param object key "subplacement" contains unsupported value:  undefined", source: https://www.bestbuy.com/~assets/bby/_com/vendor/gvp-9ae543e5dd97ff595273880644fc595e.min.js (28)
[13708:13904:0611/170819.660:INFO:CONSOLE(28)] "LibEmbeddedComponentRenderer: Embedded component queries can only contain strings, numbers, booleans or CsiVar objects with non-empty name strings. 
The query param object key "index" contains unsupported value:  undefined", source: https://www.bestbuy.com/~assets/bby/_com/vendor/gvp-9ae543e5dd97ff595273880644fc595e.min.js (28)
[13708:13904:0611/170819.660:INFO:CONSOLE(28)] "LibEmbeddedComponentRenderer: Embedded component queries can only contain strings, numbers, booleans or CsiVar objects with non-empty name strings. 
The query param object key "subplacement" contains unsupported value:  undefined", source: https://www.bestbuy.com/~assets/bby/_com/vendor/gvp-9ae543e5dd97ff595273880644fc595e.min.js (28)
[13708:13904:0611/170819.684:INFO:CONSOLE(28)] "LibEmbeddedComponentRenderer: Embedded component queries can only contain strings, numbers, booleans or CsiVar objects with non-empty name strings. 
The query param object key "index" contains unsupported value:  undefined", source: https://www.bestbuy.com/~assets/bby/_com/vendor/gvp-9ae543e5dd97ff595273880644fc595e.min.js (28)
[13708:13904:0611/170819.684:INFO:CONSOLE(28)] "LibEmbeddedComponentRenderer: Embedded component queries can only contain strings, numbers, booleans or CsiVar objects with non-empty name strings. 
The query param object key "subplacement" contains unsupported value:  undefined", source: https://www.bestbuy.com/~assets/bby/_com/vendor/gvp-9ae543e5dd97ff595273880644fc595e.min.js (28)
[13708:13904:0611/170820.563:INFO:CONSOLE(12)] "visitor.publishDestinations() result: The destination publishing iframe is already attached and loaded.", source: https://www.bestbuy.com/~assets/bby/_com/analytics-dotcom/chunks/adobeInit-cde55785d0a8af6d8c5f.js (12)
[13708:13904:0611/170820.660:INFO:CONSOLE(28)] "LibEmbeddedComponentRenderer: Embedded component queries can only contain strings, numbers, booleans or CsiVar objects with non-empty name strings. 
The query param object key "index" contains unsupported value:  undefined", source: https://www.bestbuy.com/~assets/bby/_com/vendor/gvp-9ae543e5dd97ff595273880644fc595e.min.js (28)
[13708:13904:0611/170820.660:INFO:CONSOLE(28)] "LibEmbeddedComponentRenderer: Embedded component queries can only contain strings, numbers, booleans or CsiVar objects with non-empty name strings. 
The query param object key "subplacement" contains unsupported value:  undefined", source: https://www.bestbuy.com/~assets/bby/_com/vendor/gvp-9ae543e5dd97ff595273880644fc595e.min.js (28)
[13708:13904:0611/170824.170:INFO:CONSOLE(12)] "visitor.publishDestinations() result: The destination publishing iframe is already attached and loaded.", source: https://www.bestbuy.com/~assets/bby/_com/analytics-dotcom/chunks/adobeInit-cde55785d0a8af6d8c5f.js (12)
[13708:13904:0611/170825.030:INFO:CONSOLE(6)] "[GPT] Invalid arguments: PubAdsService.setTargeting('pid', undefined).", source: https://securepubads.g.doubleclick.net/gpt/pubads_impl_2021060301.js?31061432 (6)
[6556:6956:0611/171509.288:ERROR:cache_util_win.cc(20)] Unable to move the cache: Access is denied. (0x5)
[6556:6956:0611/171509.289:ERROR:cache_util.cc(144)] Unable to move cache folder D:\Projects\esewa-bot\profile\ShaderCache\GPUCache to D:\Projects\esewa-bot\profile\ShaderCache\old_GPUCache_000
[6556:6956:0611/171509.290:ERROR:disk_cache.cc(184)] Unable to create cache
[6556:6956:0611/171509.290:ERROR:shader_disk_cache.cc(606)] Shader Cache Creation failed: -2
[13708:13904:0611/171509.484:WARNING:CONSOLE(0)] "The page delivered both an 'X-Frame-Options' header and a 'Content-Security-Policy' header with a 'frame-ancestors' directive. Although the 'X-Frame-Options' header alone would have blocked embedding, it has been ignored.", source: chrome-untrusted://new-tab-page/custom_background_image?url= (0)
[13708:13904:0611/171510.388:WARNING:CONSOLE(0)] "The page delivered both an 'X-Frame-Options' header and a 'Content-Security-Policy' header with a 'frame-ancestors' directive. Although the 'X-Frame-Options' header alone would have blocked embedding, it has been ignored.", source: chrome-untrusted://new-tab-page/one-google-bar?paramsencoded= (0)
[13708:13904:0611/171516.183:INFO:CONSOLE(116)] "unload", source: https://www.bestbuy.com/~assets/bby/_com/cart.bundle-1acab1c222c6c934fb6bf5a469c5e240.js (116)
[13708:13904:0611/171517.043:WARNING:pref_notifier_impl.cc(40)] Pref observer for media_router.cast_allow_all_ips found at shutdown.
